# JRE version: OpenJDK Runtime Environment Corretto-17.0.8.8.1 (17.0.8.1+8) (build 17.0.8.1+8-LTS)
# Java VM: OpenJDK 64-Bit Server VM Corretto-17.0.8.8.1 (17.0.8.1+8-LTS, mixed mode, emulated-client, sharing, tiered, compressed oops, compressed class ptrs, g1 gc, windows-amd64)
GC Precious Log:
 CPUs: 12 total, 12 available
 Memory: 15706M
 Large Page Support: Disabled
 NUMA Support: Disabled
 Compressed Oops: Enabled (Zero based)
 Heap Region Size: 2M
 Heap Min Capacity: 8M
 Heap Initial Capacity: 246M
 Heap Max Capacity: 3928M
 Pre-touch: Disabled
 Parallel Workers: 10
 Concurrent Workers: 3
 Concurrent Refinement Workers: 10
 Periodic GC: Disabled
Heap:
 garbage-first heap   total 157696K, used 30781K [0x000000070a800000, 0x0000000800000000)
  region size 2048K, 6 young (12288K), 1 survivors (2048K)
 Metaspace       used 46217K, committed 46656K, reserved 1114112K
  class space    used 6328K, committed 6528K, reserved 1048576K
GC Heap History (20 events):
Event: 1.332 GC heap before
{Heap before GC invocations=1 (full 0):
 garbage-first heap   total 251904K, used 27928K [0x000000070a800000, 0x0000000800000000)
  region size 2048K, 12 young (24576K), 2 survivors (4096K)
 Metaspace       used 10823K, committed 11072K, reserved 1114112K
  class space    used 1480K, committed 1600K, reserved 1048576K
}
Event: 1.336 GC heap after
{Heap after GC invocations=2 (full 0):
 garbage-first heap   total 251904K, used 9060K [0x000000070a800000, 0x0000000800000000)
  region size 2048K, 1 young (2048K), 1 survivors (2048K)
 Metaspace       used 10823K, committed 11072K, reserved 1114112K
  class space    used 1480K, committed 1600K, reserved 1048576K
}
Event: 2.802 GC heap before
{Heap before GC invocations=2 (full 0):
 garbage-first heap   total 251904K, used 74596K [0x000000070a800000, 0x0000000800000000)
  region size 2048K, 33 young (67584K), 1 survivors (2048K)
 Metaspace       used 20431K, committed 20736K, reserved 1114112K
  class space    used 2768K, committed 2944K, reserved 1048576K
}
Event: 2.808 GC heap after
{Heap after GC invocations=3 (full 0):
 garbage-first heap   total 251904K, used 13272K [0x000000070a800000, 0x0000000800000000)
  region size 2048K, 4 young (8192K), 4 survivors (8192K)
 Metaspace       used 20431K, committed 20736K, reserved 1114112K
  class space    used 2768K, committed 2944K, reserved 1048576K
}
Event: 2.966 GC heap before
{Heap before GC invocations=3 (full 0):
 garbage-first heap   total 251904K, used 19416K [0x000000070a800000, 0x0000000800000000)
  region size 2048K, 8 young (16384K), 4 survivors (8192K)
 Metaspace       used 21217K, committed 21504K, reserved 1114112K
  class space    used 2888K, committed 3008K, reserved 1048576K
}
Event: 2.970 GC heap after
{Heap after GC invocations=4 (full 0):
 garbage-first heap   total 251904K, used 14150K [0x000000070a800000, 0x0000000800000000)
  region size 2048K, 4 young (8192K), 4 survivors (8192K)
 Metaspace       used 21217K, committed 21504K, reserved 1114112K
  class space    used 2888K, committed 3008K, reserved 1048576K
}
Event: 3.707 GC heap before
{Heap before GC invocations=5 (full 0):
 garbage-first heap   total 61440K, used 42822K [0x000000070a800000, 0x0000000800000000)
  region size 2048K, 18 young (36864K), 4 survivors (8192K)
 Metaspace       used 24022K, committed 24448K, reserved 1114112K
  class space    used 3340K, committed 3520K, reserved 1048576K
}
Event: 3.722 GC heap after
{Heap after GC invocations=6 (full 0):
 garbage-first heap   total 61440K, used 15875K [0x000000070a800000, 0x0000000800000000)
  region size 2048K, 2 young (4096K), 2 survivors (4096K)
 Metaspace       used 24022K, committed 24448K, reserved 1114112K
  class space    used 3340K, committed 3520K, reserved 1048576K
}
Event: 3.796 GC heap before
{Heap before GC invocations=6 (full 0):
 garbage-first heap   total 61440K, used 17923K [0x000000070a800000, 0x0000000800000000)
  region size 2048K, 3 young (6144K), 2 survivors (4096K)
 Metaspace       used 24512K, committed 24960K, reserved 1114112K
  class space    used 3420K, committed 3648K, reserved 1048576K
}
Event: 3.802 GC heap after
{Heap after GC invocations=7 (full 0):
 garbage-first heap   total 61440K, used 16376K [0x000000070a800000, 0x0000000800000000)
  region size 2048K, 1 young (2048K), 1 survivors (2048K)
 Metaspace       used 24512K, committed 24960K, reserved 1114112K
  class space    used 3420K, committed 3648K, reserved 1048576K
}
Event: 4.542 GC heap before
{Heap before GC invocations=7 (full 0):
 garbage-first heap   total 61440K, used 40952K [0x000000070a800000, 0x0000000800000000)
  region size 2048K, 13 young (26624K), 1 survivors (2048K)
 Metaspace       used 28824K, committed 29248K, reserved 1114112K
  class space    used 3968K, committed 4160K, reserved 1048576K
}
Event: 4.545 GC heap after
{Heap after GC invocations=8 (full 0):
 garbage-first heap   total 61440K, used 18520K [0x000000070a800000, 0x0000000800000000)
  region size 2048K, 2 young (4096K), 2 survivors (4096K)
 Metaspace       used 28824K, committed 29248K, reserved 1114112K
  class space    used 3968K, committed 4160K, reserved 1048576K
}
Event: 5.224 GC heap before
{Heap before GC invocations=8 (full 0):
 garbage-first heap   total 61440K, used 41048K [0x000000070a800000, 0x0000000800000000)
  region size 2048K, 14 young (28672K), 2 survivors (4096K)
 Metaspace       used 32951K, committed 33472K, reserved 1114112K
  class space    used 4564K, committed 4800K, reserved 1048576K
}
Event: 5.229 GC heap after
{Heap after GC invocations=9 (full 0):
 garbage-first heap   total 61440K, used 20459K [0x000000070a800000, 0x0000000800000000)
  region size 2048K, 1 young (2048K), 1 survivors (2048K)
 Metaspace       used 32951K, committed 33472K, reserved 1114112K
  class space    used 4564K, committed 4800K, reserved 1048576K
}
Event: 5.533 GC heap before
{Heap before GC invocations=9 (full 0):
 garbage-first heap   total 61440K, used 28651K [0x000000070a800000, 0x0000000800000000)
  region size 2048K, 7 young (14336K), 1 survivors (2048K)
 Metaspace       used 35622K, committed 36096K, reserved 1114112K
  class space    used 4984K, committed 5248K, reserved 1048576K
}
Event: 5.536 GC heap after
{Heap after GC invocations=10 (full 0):
 garbage-first heap   total 61440K, used 20743K [0x000000070a800000, 0x0000000800000000)
  region size 2048K, 2 young (4096K), 2 survivors (4096K)
 Metaspace       used 35622K, committed 36096K, reserved 1114112K
  class space    used 4984K, committed 5248K, reserved 1048576K
}
Event: 6.136 GC heap before
{Heap before GC invocations=11 (full 0):
 garbage-first heap   total 61440K, used 43271K [0x000000070a800000, 0x0000000800000000)
  region size 2048K, 13 young (26624K), 2 survivors (4096K)
 Metaspace       used 43582K, committed 44096K, reserved 1114112K
  class space    used 5980K, committed 6208K, reserved 1048576K
}
Event: 6.139 GC heap after
{Heap after GC invocations=12 (full 0):
 garbage-first heap   total 157696K, used 22653K [0x000000070a800000, 0x0000000800000000)
  region size 2048K, 2 young (4096K), 2 survivors (4096K)
 Metaspace       used 43582K, committed 44096K, reserved 1114112K
  class space    used 5980K, committed 6208K, reserved 1048576K
}
Event: 6.168 GC heap before
{Heap before GC invocations=12 (full 0):
 garbage-first heap   total 157696K, used 24701K [0x000000070a800000, 0x0000000800000000)
  region size 2048K, 3 young (6144K), 2 survivors (4096K)
 Metaspace       used 43599K, committed 44096K, reserved 1114112K
  class space    used 5983K, committed 6208K, reserved 1048576K
}
Event: 6.170 GC heap after
{Heap after GC invocations=13 (full 0):
 garbage-first heap   total 157696K, used 22589K [0x000000070a800000, 0x0000000800000000)
  region size 2048K, 1 young (2048K), 1 survivors (2048K)
 Metaspace       used 43599K, committed 44096K, reserved 1114112K
  class space    used 5983K, committed 6208K, reserved 1048576K
}

